{"method":"create","cid":2222,"name":"zzz","instructor":"ccc","studentAction":"","student":""}
{"method":"update","cid":2222,"name":"","instructor":"","studentAction":"Add","student":"1111"}
{"method":"read","cid":2222,"name":"","instructor":"","studentAction":"","student":""}
{"method":"update","cid":2222,"name":"","instructor":"","studentAction":"Add","student":3333}
{"method":"update","cid":2222,"name":"","instructor":"","studentAction":"Del","student":3333}
{"method":"read","cid":2222,"name":"","instructor":"","studentAction":"","student":""}
{"method":"update","cid":2222,"name":"","instructor":"","studentAction":"Add","student":1111}
{"method":"read","cid":"#","name":"","instructor":"","studentAction":"","student":""}
{"method":"create","cid":"1111","name":"zzz","instructor":"ccc","studentAction":"","student":""}
{"method":"create","cid":"2222","name":"zzz","instructor":"ccc","studentAction":"","student":""}
{"method":"read","cid":"#","name":"","instructor":"","studentAction":"","student":""}
{"method":"update","cid":"2222","name":"","instructor":"","studentAction":"Add","student":"1111"}
{"method":"read","cid":"2222","name":"","instructor":"","studentAction":"","student":""}
{"method":"update","cid":"2222","name":"","instructor":"","studentAction":"Del","student":"1111"}
{"method":"read","cid":"2222","name":"","instructor":"","studentAction":"","student":""}
{"method":"update","cid":"2222","name":"","instructor":"","studentAction":"Add","student":"1111"}
{"method":"update","cid":"2222","name":"","instructor":"","studentAction":"Add","student":"2222"}
{"method":"read","cid":"2222","name":"","instructor":"","studentAction":"","student":""}
{"method":"read","cid":"2222","name":"","instructor":"","studentAction":"","student":""}
{"method":"create","cid":"1111","name":"zzz","instructor":"ccc","studentAction":"","student":""}
{"method":"create","cid":"2222","name":"zzz","instructor":"ccc","studentAction":"","student":""}
{"method":"update","cid":"2222","name":"","instructor":"","studentAction":"Add","student":"1111"}
{"method":"update","cid":"1111","name":"","instructor":"","studentAction":"Add","student":"1111"}
{"method":"delete","name":"zzz","cid":"2222","instructor":"ccc","student":",1111"}
{"method":"create","cid":"2222","name":"zzz","instructor":"ccc","studentAction":"","student":""}
{"method":"create","cid":"3333","name":"zzz","instructor":"ccc","studentAction":"","student":""}
{"method":"update","cid":"2222","name":"","instructor":"","studentAction":"Add","student":"1111"}
{"method":"update","cid":"3333","name":"","instructor":"","studentAction":"Add","student":"1111"}
{"method":"update","cid":"1111","name":"","instructor":"","studentAction":"Add","student":"2222"}
{"method":"update","cid":"3333","name":"","instructor":"","studentAction":"Add","student":"2222"}
{"method":"delete","name":"zzz","cid":"1111","instructor":"ccc","student":",1111,2222"}
{"method":"delete","name":"zzz","cid":"2222","instructor":"ccc","student":",1111"}
{"method":"read","cid":"#","name":"","instructor":"","studentAction":"","student":""}
